<?xml version="1.0" encoding="UTF-8"?>
<TestRun id="585407a0-0e29-4d29-a464-60497de046ba" name="phuc@PHUC-PC 2010-10-19 01:05:20" runUser="phuc-PC\phuc" xmlns="http://microsoft.com/schemas/VisualStudio/TeamTest/2006">
  <TestRunConfiguration name="Local Test Run" id="ba8e904a-397f-4b0e-9e06-2d4db7f038b1">
    <Description>This is a default test run configuration for a local test run.</Description>
    <Deployment runDeploymentRoot="C:\Users\phuc\Documents\Visual Studio 2008\Projects\C#\DecisionTree\TestResults\phuc_PHUC-PC 2010-10-19 01_05_20">
      <DeploymentItem filename="C:\Users\phuc\Documents\Visual Studio 2008\Projects\C#\DecisionTree\Tree\bin\Debug\Tree.dll" />
    </Deployment>
    <TestTypeSpecific />
  </TestRunConfiguration>
  <ResultSummary outcome="Failed">
    <Counters total="1" executed="1" error="0" failed="1" timeout="0" aborted="0" inconclusive="0" passedButRunAborted="0" notRunnable="0" notExecuted="0" disconnected="0" warning="0" passed="0" completed="0" inProgress="0" pending="0" />
  </ResultSummary>
  <Times creation="2010-10-19T01:05:20.8529580+07:00" queuing="2010-10-19T01:05:24.6231736+07:00" start="2010-10-19T01:05:25.0912004+07:00" finish="2010-10-19T01:05:25.9802512+07:00" />
  <TestDefinitions>
    <UnitTest name="TestMethod1" storage="c:\users\phuc\documents\visual studio 2008\projects\c#\decisiontree\treetest\bin\debug\treetest.dll" id="0baf2362-a3bd-b102-7890-19b7161d3cab">
      <Css projectStructure="" iteration="" />
      <Owners>
        <Owner name="" />
      </Owners>
      <Execution id="f4237ea0-f5f3-45c9-b3fc-2d9a2c18afeb" />
      <TestMethod codeBase="C:\Users\phuc\Documents\Visual Studio 2008\Projects\C#\DecisionTree\TreeTest\bin\Debug\TreeTest.dll" adapterTypeName="Microsoft.VisualStudio.TestTools.TestTypes.Unit.UnitTestAdapter, Microsoft.VisualStudio.QualityTools.Tips.UnitTest.Adapter, Version=9.0.0.0, Culture=neutral, PublicKeyToken=b03f5f7f11d50a3a" className="TreeTest.UnitTest1, TreeTest" name="TestMethod1" />
    </UnitTest>
  </TestDefinitions>
  <TestLists>
    <TestList name="Results Not in a List" id="8c84fa94-04c1-424b-9868-57a2d4851a1d" />
    <TestList name="All Loaded Results" id="19431567-8539-422a-85d7-44ee4e166bda" />
  </TestLists>
  <TestEntries>
    <TestEntry testId="0baf2362-a3bd-b102-7890-19b7161d3cab" executionId="f4237ea0-f5f3-45c9-b3fc-2d9a2c18afeb" testListId="8c84fa94-04c1-424b-9868-57a2d4851a1d" />
  </TestEntries>
  <Results>
    <UnitTestResult executionId="f4237ea0-f5f3-45c9-b3fc-2d9a2c18afeb" testId="0baf2362-a3bd-b102-7890-19b7161d3cab" testName="TestMethod1" computerName="PHUC-PC" duration="00:00:00.1791173" startTime="2010-10-19T01:05:25.1862058+07:00" endTime="2010-10-19T01:05:25.8722450+07:00" testType="13cdc9d9-ddb5-4fa4-a97d-d965ccfc6d4b" outcome="Failed" testListId="8c84fa94-04c1-424b-9868-57a2d4851a1d">
      <Output>
        <ErrorInfo>
          <Message>Assert.IsNull failed. </Message>
          <StackTrace>   at TreeTest.UnitTest1.TestMethod1() in C:\Users\phuc\Documents\Visual Studio 2008\Projects\C#\DecisionTree\TreeTest\UnitTest1.cs:line 68
</StackTrace>
        </ErrorInfo>
      </Output>
    </UnitTestResult>
  </Results>
</TestRun>